<?xml version="1.0" encoding="UTF-8"?>
<!-- Generated by org.testng.reporters.JUnitXMLReporter -->
<testsuite hostname="U6072903-TPL-A" ignored="7" name="Test" tests="1" failures="0" timestamp="25 Jul 2019 19:39:11 GMT" time="0.078" errors="0">
  <testcase name="testcase07" time="0.023" classname="org.sspart.testNGPractice.SecondSelenium"/>
  <testcase name="testcase04" time="0.0" classname="org.sspart.testNGPractice.FirstSelenium">
    <ignored/>
  </testcase> <!-- testcase04 -->
  <testcase name="testcase06" time="0.0" classname="org.sspart.testNGPractice.SecondSelenium">
    <ignored/>
  </testcase> <!-- testcase06 -->
  <testcase name="testcase03" time="0.0" classname="org.sspart.testNGPractice.FirstSelenium">
    <ignored/>
  </testcase> <!-- testcase03 -->
  <testcase name="testcase02" time="0.0" classname="org.sspart.testNGPractice.FirstSelenium">
    <ignored/>
  </testcase> <!-- testcase02 -->
  <testcase name="testcase08" time="0.0" classname="org.sspart.testNGPractice.SecondSelenium">
    <ignored/>
  </testcase> <!-- testcase08 -->
  <testcase name="testcase11" time="0.0" classname="org.sspart.testNGPractice.FirstSelenium">
    <ignored/>
  </testcase> <!-- testcase11 -->
  <testcase name="testcase05" time="0.0" classname="org.sspart.testNGPractice.SecondSelenium">
    <ignored/>
  </testcase> <!-- testcase05 -->
</testsuite> <!-- Test -->
